[36m----  Couldn't load Clojure file  src/clj/api_test/handler.clj   line:1  column:1  ----[0m

  [1mCould not locate api_test/db/core__init.class or api_test/db/core.clj on classpath. Please check that namespaces with dashes use underscores in the Clojure file name.[0m

  [33m1[0m  [1m(ns api-test.handler[0m
  [0m [0m  [33m^--- Could not locate api_test/db/core__init.class or api_test/db/core.clj on classpath. Please check that namespaces with dashes use underscores in the Clojure file name.[0m
  [36m2[0m  [36m  (:require  [api-test.db.core :as db][0m
  [36m3[0m  [36m             [buddy.auth.backends :as backends][0m
  [36m4[0m  [36m             [buddy.auth :refer [authenticated? throw-unauthorized]][0m

[36m----  Exception Stack Trace  ----[0m

java.io.FileNotFoundException: Could not locate api_test/db/core__init.class or api_test/db/core.clj on classpath. Please check that namespaces with dashes use underscores in the Clojure file name.
 at clojure.lang.RT.load (RT.java:456)
    clojure.lang.RT.load (RT.java:419)
    clojure.core$load$fn__5677.invoke (core.clj:5893)
    clojure.core$load.invokeStatic (core.clj:5892)
    clojure.core$load.doInvoke (core.clj:5876)
    clojure.lang.RestFn.invoke (RestFn.java:408)
    clojure.core$load_one.invokeStatic (core.clj:5697)
    clojure.core$load_one.invoke (core.clj:5692)
    clojure.core$load_lib$fn__5626.invoke (core.clj:5737)
    clojure.core$load_lib.invokeStatic (core.clj:5736)
    clojure.core$load_lib.doInvoke (core.clj:5717)
    clojure.lang.RestFn.applyTo (RestFn.java:142)
    clojure.core$apply.invokeStatic (core.clj:648)
    clojure.core$load_libs.invokeStatic (core.clj:5774)
    clojure.core$load_libs.doInvoke (core.clj:5758)
    clojure.lang.RestFn.applyTo (RestFn.java:137)
    clojure.core$apply.invokeStatic (core.clj:648)
    clojure.core$require.invokeStatic (core.clj:5796)
    clojure.core$require.doInvoke (core.clj:5796)
    clojure.lang.RestFn.invoke (RestFn.java:1523)
    api_test.handler$eval36659$loading__5569__auto____36660.invoke (handler.clj:1)
    api_test.handler$eval36659.invokeStatic (handler.clj:1)
    api_test.handler$eval36659.invoke (handler.clj:1)
    clojure.lang.Compiler.eval (Compiler.java:6927)
    clojure.lang.Compiler.eval (Compiler.java:6916)
    clojure.lang.Compiler.load (Compiler.java:7379)
    clojure.lang.Compiler.loadFile (Compiler.java:7317)
    clojure.lang.RT$3.invoke (RT.java:320)
    figwheel_sidecar.build_middleware.clj_reloading$handle_clj_source_reloading.invokeStatic (clj_reloading.clj:61)
    figwheel_sidecar.build_middleware.clj_reloading$handle_clj_source_reloading.invoke (clj_reloading.clj:46)
    figwheel_sidecar.build_middleware.clj_reloading$hook$fn__27610.invoke (clj_reloading.clj:93)
    figwheel_sidecar.build_middleware.javascript_reloading$hook$fn__27643.invoke (javascript_reloading.clj:48)
    figwheel_sidecar.components.cljs_autobuild$color_output$fn__27696.invoke (cljs_autobuild.clj:79)
    figwheel_sidecar.components.cljs_autobuild$execute_build$fn__27737.invoke (cljs_autobuild.clj:231)
    figwheel_sidecar.utils$sync_exec$fn__3059$fn__3060.invoke (utils.clj:13)
    figwheel_sidecar.utils$sync_exec$fn__3059.invoke (utils.clj:12)
    clojure.core$binding_conveyor_fn$fn__4676.invoke (core.clj:1941)
    clojure.lang.AFn.applyToHelper (AFn.java:154)
    clojure.lang.RestFn.applyTo (RestFn.java:132)
    clojure.lang.Agent$Action.doRun (Agent.java:114)
    clojure.lang.Agent$Action.run (Agent.java:163)
    java.util.concurrent.ThreadPoolExecutor.runWorker (ThreadPoolExecutor.java:1149)
    java.util.concurrent.ThreadPoolExecutor$Worker.run (ThreadPoolExecutor.java:624)
    java.lang.Thread.run (Thread.java:748)

[0mCompiling "resources/public/js/example.js" from ["src/"]...[0m
[31mFailed to compile "resources/public/js/example.js" in 2.162 seconds.[0m
[36m----  Could not Analyze  src/cljs/core.cljs  ----[0m

  [1mNo such namespace: secretary.core, could not locate secretary/core.cljs, secretary/core.cljc, or JavaScript source providing "secretary.core" [0m

[36m----  Analysis Error : Please see src/cljs/core.cljs  ----[0m
read config from file: ".lein-env"
load config:  {:database-url postgresql://localhost:5432/chat-service?user=pcolliander}
read config from file: ".lein-env"
read config from file: ".lein-env"
load config:  {:database-url postgresql://localhost:5432/chat-service?user=pcolliander}
">> starting.. #'api-test.config/env (namespace was recompiled)"
read config from file: ".lein-env"
"<< stopping.. #'api-test.db.core/*db* (namespace was recompiled)"
">> starting.. #'api-test.db.core/*db* (namespace was recompiled)"
[0mCompiling "resources/public/js/example.js" from ["src/"]...[0m
[31mFailed to compile "resources/public/js/example.js" in 0.398 seconds.[0m
[36m----  Could not Analyze  src/cljs/core.cljs  ----[0m

  [1mNo such namespace: secretary.core, could not locate secretary/core.cljs, secretary/core.cljc, or JavaScript source providing "secretary.core" [0m

[36m----  Analysis Error : Please see src/cljs/core.cljs  ----[0m
[0mCompiling "resources/public/js/example.js" from ["src/"]...[0m
[31mFailed to compile "resources/public/js/example.js" in 0.237 seconds.[0m
[36m----  Could not Analyze  src/cljs/core.cljs  ----[0m

  [1mNo such namespace: secretary.core, could not locate secretary/core.cljs, secretary/core.cljc, or JavaScript source providing "secretary.core" [0m

[36m----  Analysis Error : Please see src/cljs/core.cljs  ----[0m
[0mCompiling "target/cljsbuild/public/js/app.js" from ["src/cljs"]...[0m
[36m----  Compiler Warning on   src/cljs/core.cljs   line:18  column:6  ----[0m

  [1mUse of undeclared Var test-api.core/prn[0m

  [36m14[0m  [36m; [0m
  [36m15[0m  [36m[0m
  [36m16[0m  [36m(defn get-data [][0m
  [36m17[0m  [36m  (go (let [response (<! (http/get "https://jsonplaceholder.typicode.com/comments/1"))][0m
  [33m18[0m  [1m    (prn (:status response))[0m
  [0m  [0m  [33m     ^--- Use of undeclared Var test-api.core/prn[0m
  [36m19[0m  [36m    (prn  response)[0m
  [36m20[0m  [36m  ))[0m
  [36m21[0m  [36m)[0m
  [36m22[0m  [36m[0m
  [36m23[0m  [36m;; -------------------------[0m

[36m----  Compiler Warning : Please see src/cljs/core.cljs  ----[0m
[36m----  Compiler Warning on   src/cljs/core.cljs   line:19  column:6  ----[0m

  [1mUse of undeclared Var test-api.core/prn[0m

  [36m16[0m  [36m(defn get-data [][0m
  [36m17[0m  [36m  (go (let [response (<! (http/get "https://jsonplaceholder.typicode.com/comments/1"))][0m
  [36m18[0m  [36m    (prn (:status response))[0m
  [33m19[0m  [1m    (prn  response)[0m
  [0m  [0m  [33m     ^--- Use of undeclared Var test-api.core/prn[0m
  [36m20[0m  [36m  ))[0m
  [36m21[0m  [36m)[0m
  [36m22[0m  [36m[0m
  [36m23[0m  [36m;; -------------------------[0m
  [36m24[0m  [36m;; Views[0m

[36m----  Compiler Warning : Please see src/cljs/core.cljs  ----[0m
[36m----  Compiler Warning on   src/cljs/core.cljs   line:17  column:3  ----[0m

  [1mUse of undeclared Var cljs.core/keyword-identical?[0m

  [36m13[0m  [36m; HTTP requests[0m
  [36m14[0m  [36m; [0m
  [36m15[0m  [36m[0m
  [36m16[0m  [36m(defn get-data [][0m
  [33m17[0m  [1m  (go (let [response (<! (http/get "https://jsonplaceholder.typicode.com/comments/1"))][0m
  [0m  [0m  [33m  ^--- Use of undeclared Var cljs.core/keyword-identical?[0m
  [36m18[0m  [36m    (prn (:status response))[0m
  [36m19[0m  [36m    (prn  response)[0m
  [36m20[0m  [36m  ))[0m
  [36m21[0m  [36m)[0m

[36m----  Compiler Warning : Please see src/cljs/core.cljs  ----[0m
[36m----  Compiler Warning on   src/cljs/core.cljs   line:17  column:3  ----[0m

  [1mUse of undeclared Var cljs.core/keyword-identical?[0m

  [36m13[0m  [36m; HTTP requests[0m
  [36m14[0m  [36m; [0m
  [36m15[0m  [36m[0m
  [36m16[0m  [36m(defn get-data [][0m
  [33m17[0m  [1m  (go (let [response (<! (http/get "https://jsonplaceholder.typicode.com/comments/1"))][0m
  [0m  [0m  [33m  ^--- Use of undeclared Var cljs.core/keyword-identical?[0m
  [36m18[0m  [36m    (prn (:status response))[0m
  [36m19[0m  [36m    (prn  response)[0m
  [36m20[0m  [36m  ))[0m
  [36m21[0m  [36m)[0m

[36m----  Compiler Warning : Please see src/cljs/core.cljs  ----[0m
[36m----  Compiler Warning on   src/cljs/core.cljs   line:41  column:1  ----[0m

  [1mUse of undeclared Var cljs.core/deref[0m

  [36m37[0m  [36m;; Routes[0m
  [36m38[0m  [36m[0m
  [36m39[0m  [36m(def page (atom #'home-page))[0m
  [36m40[0m  [36m[0m
  [33m41[0m  [1m(defn current-page [][0m
  [0m  [0m  [33m^--- Use of undeclared Var cljs.core/deref[0m
  [36m42[0m  [36m  [:div [@page]])[0m
  [36m43[0m  [36m[0m
  [36m44[0m  [36m(secretary/defroute "/" [][0m
  [36m45[0m  [36m  (reset! page #'home-page))[0m

[36m----  Compiler Warning : Please see src/cljs/core.cljs  ----[0m
[36m----  Compiler Warning on   src/cljs/core.cljs   line:44  column:1  ----[0m

  [1mUse of undeclared Var cljs.core/map?[0m

  [36m41[0m  [36m(defn current-page [][0m
  [36m42[0m  [36m  [:div [@page]])[0m
  [36m43[0m  [36m[0m
  [33m44[0m  [1m(secretary/defroute "/" [][0m
  [0m  [0m  [33m^--- Use of undeclared Var cljs.core/map?[0m
  [36m45[0m  [36m  (reset! page #'home-page))[0m
  [36m46[0m  [36m[0m
  [36m47[0m  [36m;; -------------------------[0m
  [36m48[0m  [36m;; Initialize app[0m

[36m----  Compiler Warning : Please see src/cljs/core.cljs  ----[0m
[36m----  Compiler Warning on   src/cljs/core.cljs   line:44  column:1  ----[0m

  [1mUse of undeclared Var cljs.core/not[0m

  [36m41[0m  [36m(defn current-page [][0m
  [36m42[0m  [36m  [:div [@page]])[0m
  [36m43[0m  [36m[0m
  [33m44[0m  [1m(secretary/defroute "/" [][0m
  [0m  [0m  [33m^--- Use of undeclared Var cljs.core/not[0m
  [36m45[0m  [36m  (reset! page #'home-page))[0m
  [36m46[0m  [36m[0m
  [36m47[0m  [36m;; -------------------------[0m
  [36m48[0m  [36m;; Initialize app[0m

[36m----  Compiler Warning : Please see src/cljs/core.cljs  ----[0m
[36m----  Compiler Warning on   src/cljs/core.cljs   line:44  column:1  ----[0m

  [1mUse of undeclared Var cljs.core/PROTOCOL_SENTINEL[0m

  [36m41[0m  [36m(defn current-page [][0m
  [36m42[0m  [36m  [:div [@page]])[0m
  [36m43[0m  [36m[0m
  [33m44[0m  [1m(secretary/defroute "/" [][0m
  [0m  [0m  [33m^--- Use of undeclared Var cljs.core/PROTOCOL_SENTINEL[0m
  [36m45[0m  [36m  (reset! page #'home-page))[0m
  [36m46[0m  [36m[0m
  [36m47[0m  [36m;; -------------------------[0m
  [36m48[0m  [36m;; Initialize app[0m

[36m----  Compiler Warning : Please see src/cljs/core.cljs  ----[0m
[36m----  Compiler Warning on   src/cljs/core.cljs   line:44  column:1  ----[0m

  [1mUse of undeclared Var cljs.core/apply[0m

  [36m41[0m  [36m(defn current-page [][0m
  [36m42[0m  [36m  [:div [@page]])[0m
  [36m43[0m  [36m[0m
  [33m44[0m  [1m(secretary/defroute "/" [][0m
  [0m  [0m  [33m^--- Use of undeclared Var cljs.core/apply[0m
  [36m45[0m  [36m  (reset! page #'home-page))[0m
  [36m46[0m  [36m[0m
  [36m47[0m  [36m;; -------------------------[0m
  [36m48[0m  [36m;; Initialize app[0m

[36m----  Compiler Warning : Please see src/cljs/core.cljs  ----[0m
[36m----  Compiler Warning on   src/cljs/core.cljs   line:44  column:1  ----[0m

  [1mCan't take value of macro cljs.core/hash-map[0m

  [36m41[0m  [36m(defn current-page [][0m
  [36m42[0m  [36m  [:div [@page]])[0m
  [36m43[0m  [36m[0m
  [33m44[0m  [1m(secretary/defroute "/" [][0m
  [0m  [0m  [33m^--- Can't take value of macro cljs.core/hash-map[0m
  [36m45[0m  [36m  (reset! page #'home-page))[0m
  [36m46[0m  [36m[0m
  [36m47[0m  [36m;; -------------------------[0m
  [36m48[0m  [36m;; Initialize app[0m

[36m----  Compiler Warning : Please see src/cljs/core.cljs  ----[0m
[36m----  Compiler Warning on   src/cljs/core.cljs   line:45  column:4  ----[0m

  [1mUse of undeclared Var test-api.core/reset![0m

  [36m41[0m  [36m(defn current-page [][0m
  [36m42[0m  [36m  [:div [@page]])[0m
  [36m43[0m  [36m[0m
  [36m44[0m  [36m(secretary/defroute "/" [][0m
  [33m45[0m  [1m  (reset! page #'home-page))[0m
  [0m  [0m  [33m   ^--- Use of undeclared Var test-api.core/reset![0m
  [36m46[0m  [36m[0m
  [36m47[0m  [36m;; -------------------------[0m
  [36m48[0m  [36m;; Initialize app[0m
  [36m49[0m  [36m[0m
  [36m50[0m  [36m(defn mount-root [][0m

[36m----  Compiler Warning : Please see src/cljs/core.cljs  ----[0m
[36m----  Compiler Warning on   src/cljs/core.cljs   line:44  column:1  ----[0m

  [1mUse of undeclared Var cljs.core/vector?[0m

  [36m41[0m  [36m(defn current-page [][0m
  [36m42[0m  [36m  [:div [@page]])[0m
  [36m43[0m  [36m[0m
  [33m44[0m  [1m(secretary/defroute "/" [][0m
  [0m  [0m  [33m^--- Use of undeclared Var cljs.core/vector?[0m
  [36m45[0m  [36m  (reset! page #'home-page))[0m
  [36m46[0m  [36m[0m
  [36m47[0m  [36m;; -------------------------[0m
  [36m48[0m  [36m;; Initialize app[0m

[36m----  Compiler Warning : Please see src/cljs/core.cljs  ----[0m
[36m----  Compiler Warning on   src/cljs/core.cljs   line:45  column:4  ----[0m

  [1mUse of undeclared Var test-api.core/reset![0m

  [36m41[0m  [36m(defn current-page [][0m
  [36m42[0m  [36m  [:div [@page]])[0m
  [36m43[0m  [36m[0m
  [36m44[0m  [36m(secretary/defroute "/" [][0m
  [33m45[0m  [1m  (reset! page #'home-page))[0m
  [0m  [0m  [33m   ^--- Use of undeclared Var test-api.core/reset![0m
  [36m46[0m  [36m[0m
  [36m47[0m  [36m;; -------------------------[0m
  [36m48[0m  [36m;; Initialize app[0m
  [36m49[0m  [36m[0m
  [36m50[0m  [36m(defn mount-root [][0m

[36m----  Compiler Warning : Please see src/cljs/core.cljs  ----[0m
[36m----  Compiler Warning on   src/cljs/core.cljs   line:44  column:1  ----[0m

  [1mUse of undeclared Var cljs.core/apply[0m

  [36m41[0m  [36m(defn current-page [][0m
  [36m42[0m  [36m  [:div [@page]])[0m
  [36m43[0m  [36m[0m
  [33m44[0m  [1m(secretary/defroute "/" [][0m
  [0m  [0m  [33m^--- Use of undeclared Var cljs.core/apply[0m
  [36m45[0m  [36m  (reset! page #'home-page))[0m
  [36m46[0m  [36m[0m
  [36m47[0m  [36m;; -------------------------[0m
  [36m48[0m  [36m;; Initialize app[0m

[36m----  Compiler Warning : Please see src/cljs/core.cljs  ----[0m
[36m----  Compiler Warning on   src/cljs/core.cljs   line:18  column:6  ----[0m

  [1mUse of undeclared Var test-api.core/prn[0m

  [36m14[0m  [36m; [0m
  [36m15[0m  [36m[0m
  [36m16[0m  [36m(defn get-data [][0m
  [36m17[0m  [36m  (go (let [response (<! (http/get "https://jsonplaceholder.typicode.com/comments/1"))][0m
  [33m18[0m  [1m    (prn (:status response))[0m
  [0m  [0m  [33m     ^--- Use of undeclared Var test-api.core/prn[0m
  [36m19[0m  [36m    (prn  response)[0m
  [36m20[0m  [36m  ))[0m
  [36m21[0m  [36m)[0m
  [36m22[0m  [36m[0m
  [36m23[0m  [36m;; -------------------------[0m

[36m----  Compiler Warning : Please see src/cljs/core.cljs  ----[0m
[36m----  Compiler Warning on   src/cljs/core.cljs   line:19  column:6  ----[0m

  [1mUse of undeclared Var test-api.core/prn[0m

  [36m16[0m  [36m(defn get-data [][0m
  [36m17[0m  [36m  (go (let [response (<! (http/get "https://jsonplaceholder.typicode.com/comments/1"))][0m
  [36m18[0m  [36m    (prn (:status response))[0m
  [33m19[0m  [1m    (prn  response)[0m
  [0m  [0m  [33m     ^--- Use of undeclared Var test-api.core/prn[0m
  [36m20[0m  [36m  ))[0m
  [36m21[0m  [36m)[0m
  [36m22[0m  [36m[0m
  [36m23[0m  [36m;; -------------------------[0m
  [36m24[0m  [36m;; Views[0m

[36m----  Compiler Warning : Please see src/cljs/core.cljs  ----[0m
[36m----  Compiler Warning on   src/cljs/core.cljs   line:17  column:3  ----[0m

  [1mUse of undeclared Var cljs.core/keyword-identical?[0m

  [36m13[0m  [36m; HTTP requests[0m
  [36m14[0m  [36m; [0m
  [36m15[0m  [36m[0m
  [36m16[0m  [36m(defn get-data [][0m
  [33m17[0m  [1m  (go (let [response (<! (http/get "https://jsonplaceholder.typicode.com/comments/1"))][0m
  [0m  [0m  [33m  ^--- Use of undeclared Var cljs.core/keyword-identical?[0m
  [36m18[0m  [36m    (prn (:status response))[0m
  [36m19[0m  [36m    (prn  response)[0m
  [36m20[0m  [36m  ))[0m
  [36m21[0m  [36m)[0m

[36m----  Compiler Warning : Please see src/cljs/core.cljs  ----[0m
[36m----  Compiler Warning on   src/cljs/core.cljs   line:17  column:3  ----[0m

  [1mUse of undeclared Var cljs.core/keyword-identical?[0m

  [36m13[0m  [36m; HTTP requests[0m
  [36m14[0m  [36m; [0m
  [36m15[0m  [36m[0m
  [36m16[0m  [36m(defn get-data [][0m
  [33m17[0m  [1m  (go (let [response (<! (http/get "https://jsonplaceholder.typicode.com/comments/1"))][0m
  [0m  [0m  [33m  ^--- Use of undeclared Var cljs.core/keyword-identical?[0m
  [36m18[0m  [36m    (prn (:status response))[0m
  [36m19[0m  [36m    (prn  response)[0m
  [36m20[0m  [36m  ))[0m
  [36m21[0m  [36m)[0m

[36m----  Compiler Warning : Please see src/cljs/core.cljs  ----[0m
[36m----  Compiler Warning on   src/cljs/core.cljs   line:41  column:1  ----[0m

  [1mUse of undeclared Var cljs.core/deref[0m

  [36m37[0m  [36m;; Routes[0m
  [36m38[0m  [36m[0m
  [36m39[0m  [36m(def page (atom #'home-page))[0m
  [36m40[0m  [36m[0m
  [33m41[0m  [1m(defn current-page [][0m
  [0m  [0m  [33m^--- Use of undeclared Var cljs.core/deref[0m
  [36m42[0m  [36m  [:div [@page]])[0m
  [36m43[0m  [36m[0m
  [36m44[0m  [36m(secretary/defroute "/" [][0m
  [36m45[0m  [36m  (reset! page #'home-page))[0m

[36m----  Compiler Warning : Please see src/cljs/core.cljs  ----[0m
[36m----  Compiler Warning on   src/cljs/core.cljs   line:44  column:1  ----[0m

  [1mUse of undeclared Var cljs.core/map?[0m

  [36m41[0m  [36m(defn current-page [][0m
  [36m42[0m  [36m  [:div [@page]])[0m
  [36m43[0m  [36m[0m
  [33m44[0m  [1m(secretary/defroute "/" [][0m
  [0m  [0m  [33m^--- Use of undeclared Var cljs.core/map?[0m
  [36m45[0m  [36m  (reset! page #'home-page))[0m
  [36m46[0m  [36m[0m
  [36m47[0m  [36m;; -------------------------[0m
  [36m48[0m  [36m;; Initialize app[0m

[36m----  Compiler Warning : Please see src/cljs/core.cljs  ----[0m
[36m----  Compiler Warning on   src/cljs/core.cljs   line:44  column:1  ----[0m

  [1mUse of undeclared Var cljs.core/not[0m

  [36m41[0m  [36m(defn current-page [][0m
  [36m42[0m  [36m  [:div [@page]])[0m
  [36m43[0m  [36m[0m
  [33m44[0m  [1m(secretary/defroute "/" [][0m
  [0m  [0m  [33m^--- Use of undeclared Var cljs.core/not[0m
  [36m45[0m  [36m  (reset! page #'home-page))[0m
  [36m46[0m  [36m[0m
  [36m47[0m  [36m;; -------------------------[0m
  [36m48[0m  [36m;; Initialize app[0m

[36m----  Compiler Warning : Please see src/cljs/core.cljs  ----[0m
[36m----  Compiler Warning on   src/cljs/core.cljs   line:44  column:1  ----[0m

  [1mUse of undeclared Var cljs.core/PROTOCOL_SENTINEL[0m

  [36m41[0m  [36m(defn current-page [][0m
  [36m42[0m  [36m  [:div [@page]])[0m
  [36m43[0m  [36m[0m
  [33m44[0m  [1m(secretary/defroute "/" [][0m
  [0m  [0m  [33m^--- Use of undeclared Var cljs.core/PROTOCOL_SENTINEL[0m
  [36m45[0m  [36m  (reset! page #'home-page))[0m
  [36m46[0m  [36m[0m
  [36m47[0m  [36m;; -------------------------[0m
  [36m48[0m  [36m;; Initialize app[0m

[36m----  Compiler Warning : Please see src/cljs/core.cljs  ----[0m
[36m----  Compiler Warning on   src/cljs/core.cljs   line:44  column:1  ----[0m

  [1mUse of undeclared Var cljs.core/apply[0m

  [36m41[0m  [36m(defn current-page [][0m
  [36m42[0m  [36m  [:div [@page]])[0m
  [36m43[0m  [36m[0m
  [33m44[0m  [1m(secretary/defroute "/" [][0m
  [0m  [0m  [33m^--- Use of undeclared Var cljs.core/apply[0m
  [36m45[0m  [36m  (reset! page #'home-page))[0m
  [36m46[0m  [36m[0m
  [36m47[0m  [36m;; -------------------------[0m
  [36m48[0m  [36m;; Initialize app[0m

[36m----  Compiler Warning : Please see src/cljs/core.cljs  ----[0m
[36m----  Compiler Warning on   src/cljs/core.cljs   line:44  column:1  ----[0m

  [1mCan't take value of macro cljs.core/hash-map[0m

  [36m41[0m  [36m(defn current-page [][0m
  [36m42[0m  [36m  [:div [@page]])[0m
  [36m43[0m  [36m[0m
  [33m44[0m  [1m(secretary/defroute "/" [][0m
  [0m  [0m  [33m^--- Can't take value of macro cljs.core/hash-map[0m
  [36m45[0m  [36m  (reset! page #'home-page))[0m
  [36m46[0m  [36m[0m
  [36m47[0m  [36m;; -------------------------[0m
  [36m48[0m  [36m;; Initialize app[0m

[36m----  Compiler Warning : Please see src/cljs/core.cljs  ----[0m
[36m----  Compiler Warning on   src/cljs/core.cljs   line:45  column:4  ----[0m

  [1mUse of undeclared Var test-api.core/reset![0m

  [36m41[0m  [36m(defn current-page [][0m
  [36m42[0m  [36m  [:div [@page]])[0m
  [36m43[0m  [36m[0m
  [36m44[0m  [36m(secretary/defroute "/" [][0m
  [33m45[0m  [1m  (reset! page #'home-page))[0m
  [0m  [0m  [33m   ^--- Use of undeclared Var test-api.core/reset![0m
  [36m46[0m  [36m[0m
  [36m47[0m  [36m;; -------------------------[0m
  [36m48[0m  [36m;; Initialize app[0m
  [36m49[0m  [36m[0m
  [36m50[0m  [36m(defn mount-root [][0m

[36m----  Compiler Warning : Please see src/cljs/core.cljs  ----[0m
[36m----  Compiler Warning on   src/cljs/core.cljs   line:44  column:1  ----[0m

  [1mUse of undeclared Var cljs.core/vector?[0m

  [36m41[0m  [36m(defn current-page [][0m
  [36m42[0m  [36m  [:div [@page]])[0m
  [36m43[0m  [36m[0m
  [33m44[0m  [1m(secretary/defroute "/" [][0m
  [0m  [0m  [33m^--- Use of undeclared Var cljs.core/vector?[0m
  [36m45[0m  [36m  (reset! page #'home-page))[0m
  [36m46[0m  [36m[0m
  [36m47[0m  [36m;; -------------------------[0m
  [36m48[0m  [36m;; Initialize app[0m

[36m----  Compiler Warning : Please see src/cljs/core.cljs  ----[0m
[36m----  Compiler Warning on   src/cljs/core.cljs   line:45  column:4  ----[0m

  [1mUse of undeclared Var test-api.core/reset![0m

  [36m41[0m  [36m(defn current-page [][0m
  [36m42[0m  [36m  [:div [@page]])[0m
  [36m43[0m  [36m[0m
  [36m44[0m  [36m(secretary/defroute "/" [][0m
  [33m45[0m  [1m  (reset! page #'home-page))[0m
  [0m  [0m  [33m   ^--- Use of undeclared Var test-api.core/reset![0m
  [36m46[0m  [36m[0m
  [36m47[0m  [36m;; -------------------------[0m
  [36m48[0m  [36m;; Initialize app[0m
  [36m49[0m  [36m[0m
  [36m50[0m  [36m(defn mount-root [][0m

[36m----  Compiler Warning : Please see src/cljs/core.cljs  ----[0m
[36m----  Compiler Warning on   src/cljs/core.cljs   line:44  column:1  ----[0m

  [1mUse of undeclared Var cljs.core/apply[0m

  [36m41[0m  [36m(defn current-page [][0m
  [36m42[0m  [36m  [:div [@page]])[0m
  [36m43[0m  [36m[0m
  [33m44[0m  [1m(secretary/defroute "/" [][0m
  [0m  [0m  [33m^--- Use of undeclared Var cljs.core/apply[0m
  [36m45[0m  [36m  (reset! page #'home-page))[0m
  [36m46[0m  [36m[0m
  [36m47[0m  [36m;; -------------------------[0m
  [36m48[0m  [36m;; Initialize app[0m

[36m----  Compiler Warning : Please see src/cljs/core.cljs  ----[0m
[31mFailed to compile "target/cljsbuild/public/js/app.js" in 0.706 seconds.[0m
[36m----  Could not Analyze  target/cljsbuild/public/js/out/cljs/pprint.cljs  ----[0m

  [1mInvalid :refer, var cljs.core/IWriter does not exist [0m

[36m----  Analysis Error : Please see target/cljsbuild/public/js/out/cljs/pprint.cljs  ----[0m
[0mCompiling "target/cljsbuild/public/js/app.js" from ["src/cljs"]...[0m
[31mFailed to compile "target/cljsbuild/public/js/app.js" in 0.254 seconds.[0m
[36m----  Could not Analyze  target/cljsbuild/public/js/out/cljs/pprint.cljs  ----[0m

  [1mInvalid :refer, var cljs.core/IWriter does not exist [0m

[36m----  Analysis Error : Please see target/cljsbuild/public/js/out/cljs/pprint.cljs  ----[0m
[0mCompiling "target/cljsbuild/public/js/app.js" from ["src/cljs"]...[0m
[31mFailed to compile "target/cljsbuild/public/js/app.js" in 0.173 seconds.[0m
[36m----  Could not Analyze  target/cljsbuild/public/js/out/cljs/pprint.cljs  ----[0m

  [1mInvalid :refer, var cljs.core/IWriter does not exist [0m

[36m----  Analysis Error : Please see target/cljsbuild/public/js/out/cljs/pprint.cljs  ----[0m
[0mCompiling "target/cljsbuild/public/js/app.js" from ["src/cljs"]...[0m
[31mFailed to compile "target/cljsbuild/public/js/app.js" in 0.149 seconds.[0m
[36m----  Could not Analyze  target/cljsbuild/public/js/out/cljs/pprint.cljs  ----[0m

  [1mInvalid :refer, var cljs.core/IWriter does not exist [0m

[36m----  Analysis Error : Please see target/cljsbuild/public/js/out/cljs/pprint.cljs  ----[0m
[0mCompiling "target/cljsbuild/public/js/app.js" from ["src/cljs"]...[0m
[31mFailed to compile "target/cljsbuild/public/js/app.js" in 0.232 seconds.[0m
[36m----  Could not Analyze  target/cljsbuild/public/js/out/cljs/pprint.cljs  ----[0m

  [1mInvalid :refer, var cljs.core/IWriter does not exist [0m

[36m----  Analysis Error : Please see target/cljsbuild/public/js/out/cljs/pprint.cljs  ----[0m
[0mCompiling "target/cljsbuild/public/js/app.js" from ["src/cljs"]...[0m
[36m----  Compiler Warning on   src/cljs/core.cljs   line:12  column:4  ----[0m

  [1mUse of undeclared Var api-test.core/println[0m

  [36m 9[0m  [36m(def counter (r/atom 0))[0m
  [36m10[0m  [36m[0m
  [36m11[0m  [36m(defn home-page [][0m
  [33m12[0m  [1m  (println "hello world (Pontus)")[0m
  [0m  [0m  [33m   ^--- Use of undeclared Var api-test.core/println[0m
  [36m13[0m  [36m  [:div[0m
  [36m14[0m  [36m   [:h2 "Reagent App"][0m
  [36m15[0m  [36m  ][0m
  [36m16[0m  [36m)[0m

[36m----  Compiler Warning : Please see src/cljs/core.cljs  ----[0m
[36m----  Compiler Warning on   src/cljs/core.cljs   line:22  column:14  ----[0m

  [1mUse of undeclared Var api-test.core/current-page[0m

  [36m18[0m  [36m;; -------------------------[0m
  [36m19[0m  [36m;; Initialize app[0m
  [36m20[0m  [36m[0m
  [36m21[0m  [36m(defn mount-root [][0m
  [33m22[0m  [1m  (r/render [current-page] (.getElementById js/document "app")))[0m
  [0m  [0m  [33m             ^--- Use of undeclared Var api-test.core/current-page[0m
  [36m23[0m  [36m[0m
  [36m24[0m  [36m(defn init! [][0m
  [36m25[0m  [36m  (mount-root))[0m

[36m----  Compiler Warning : Please see src/cljs/core.cljs  ----[0m
[31mFailed to compile "target/cljsbuild/public/js/app.js" in 0.262 seconds.[0m
[36m----  Could not Analyze  target/cljsbuild/public/js/out/cljs/pprint.cljs  ----[0m

  [1mInvalid :refer, var cljs.core/IWriter does not exist [0m

[36m----  Analysis Error : Please see target/cljsbuild/public/js/out/cljs/pprint.cljs  ----[0m
[0mCompiling "target/cljsbuild/public/js/app.js" from ["src/cljs"]...[0m
[31mFailed to compile "target/cljsbuild/public/js/app.js" in 0.262 seconds.[0m
[36m----  Could not Analyze  target/cljsbuild/public/js/out/cljs/pprint.cljs  ----[0m

  [1mInvalid :refer, var cljs.core/IWriter does not exist [0m

[36m----  Analysis Error : Please see target/cljsbuild/public/js/out/cljs/pprint.cljs  ----[0m
[0mCompiling "target/cljsbuild/public/js/app.js" from ["src/cljs"]...[0m
[31mFailed to compile "target/cljsbuild/public/js/app.js" in 0.161 seconds.[0m
[36m----  Could not Analyze  target/cljsbuild/public/js/out/cljs/pprint.cljs  ----[0m

  [1mInvalid :refer, var cljs.core/IWriter does not exist [0m

[36m----  Analysis Error : Please see target/cljsbuild/public/js/out/cljs/pprint.cljs  ----[0m
[0mCompiling "target/cljsbuild/public/js/app.js" from ["src/cljs"]...[0m
[31mFailed to compile "target/cljsbuild/public/js/app.js" in 0.22 seconds.[0m
[36m----  Could not Analyze  target/cljsbuild/public/js/out/cljs/pprint.cljs  ----[0m

  [1mInvalid :refer, var cljs.core/IWriter does not exist [0m

[36m----  Analysis Error : Please see target/cljsbuild/public/js/out/cljs/pprint.cljs  ----[0m
[0mCompiling "target/cljsbuild/public/js/app.js" from ["src/cljs"]...[0m
[31mFailed to compile "target/cljsbuild/public/js/app.js" in 0.24 seconds.[0m
[36m----  Could not Analyze  target/cljsbuild/public/js/out/cljs/pprint.cljs  ----[0m

  [1mInvalid :refer, var cljs.core/IWriter does not exist [0m

[36m----  Analysis Error : Please see target/cljsbuild/public/js/out/cljs/pprint.cljs  ----[0m
[0mCompiling "target/cljsbuild/public/js/app.js" from ["src/cljs"]...[0m
[31mFailed to compile "target/cljsbuild/public/js/app.js" in 0.165 seconds.[0m
[36m----  Could not Analyze  target/cljsbuild/public/js/out/cljs/pprint.cljs  ----[0m

  [1mInvalid :refer, var cljs.core/IWriter does not exist [0m

[36m----  Analysis Error : Please see target/cljsbuild/public/js/out/cljs/pprint.cljs  ----[0m
[0mCompiling "target/cljsbuild/public/js/app.js" from ["src/cljs"]...[0m
[31mFailed to compile "target/cljsbuild/public/js/app.js" in 0.248 seconds.[0m
[36m----  Could not Analyze  target/cljsbuild/public/js/out/cljs/pprint.cljs  ----[0m

  [1mInvalid :refer, var cljs.core/IWriter does not exist [0m

[36m----  Analysis Error : Please see target/cljsbuild/public/js/out/cljs/pprint.cljs  ----[0m
[0mCompiling "target/cljsbuild/public/js/app.js" from ["src/cljs/api-test"]...[0m
[31mFailed to compile "target/cljsbuild/public/js/app.js" in 0.307 seconds.[0m
[36m----  Could not Analyze  target/figwheel_temp/app/figwheel/connect/build_app.cljs  ----[0m

  [1mNo such namespace: core.cljs, could not locate core/cljs.cljs, core/cljs.cljc, or JavaScript source providing "core.cljs" [0m

[36m----  Analysis Error : Please see target/figwheel_temp/app/figwheel/connect/build_app.cljs  ----[0m
[0mCompiling "target/cljsbuild/public/js/app.js" from ["src/cljs/api-test"]...[0m
[31mFailed to compile "target/cljsbuild/public/js/app.js" in 0.278 seconds.[0m
[36m----  Could not Analyze  target/figwheel_temp/app/figwheel/connect/build_app.cljs  ----[0m

  [1mNo such namespace: core.cljs, could not locate core/cljs.cljs, core/cljs.cljc, or JavaScript source providing "core.cljs" [0m

[36m----  Analysis Error : Please see target/figwheel_temp/app/figwheel/connect/build_app.cljs  ----[0m
[0mCompiling "target/cljsbuild/public/js/app.js" from ["src/cljs/api-test"]...[0m
[31mFailed to compile "target/cljsbuild/public/js/app.js" in 0.23 seconds.[0m
[36m----  Could not Analyze  target/figwheel_temp/app/figwheel/connect/build_app.cljs  ----[0m

  [1mNo such namespace: core.cljs, could not locate core/cljs.cljs, core/cljs.cljc, or JavaScript source providing "core.cljs" [0m

[36m----  Analysis Error : Please see target/figwheel_temp/app/figwheel/connect/build_app.cljs  ----[0m
[0mCompiling "target/cljsbuild/public/js/app.js" from ["src/cljs/api-test"]...[0m
[31mFailed to compile "target/cljsbuild/public/js/app.js" in 0.214 seconds.[0m
[36m----  Could not Analyze  target/figwheel_temp/app/figwheel/connect/build_app.cljs  ----[0m

  [1mNo such namespace: core.cljs, could not locate core/cljs.cljs, core/cljs.cljc, or JavaScript source providing "core.cljs" [0m

[36m----  Analysis Error : Please see target/figwheel_temp/app/figwheel/connect/build_app.cljs  ----[0m
[0mCompiling "target/cljsbuild/public/js/app.js" from ["src/cljs/api-test"]...[0m
[32mSuccessfully compiled "target/cljsbuild/public/js/app.js" in 0.341 seconds.[0m
notifying browser that file changed:  target/cljsbuild/public/js/out/goog/deps.js
notifying browser that file changed:  target/cljsbuild/public/js/out/cljs_deps.js
notifying browser that file changed:  target/cljsbuild/public/js/out/api_test/core.js
